<?xml version="1.0" encoding="UTF-8"?>
<!-- Generated by org.testng.reporters.JUnitReportReporter -->
<testsuite skipped="0" hostname="DESKTOP-38DLNBP" name="org.dataprovider.DataProviderSample" tests="5" failures="0" timestamp="09 Dec 2021 06:14:03 GMT" time="62.320" errors="0">
  <testcase name="tc3" time="13.337" classname="org.dataprovider.DataProviderSample"/>
  <testcase name="tc2" time="7.570" classname="org.dataprovider.DataProviderSample"/>
  <testcase name="tc2" time="23.351" classname="org.dataprovider.DataProviderSample"/>
  <testcase name="tc2" time="12.416" classname="org.dataprovider.DataProviderSample"/>
  <testcase name="tc2" time="5.646" classname="org.dataprovider.DataProviderSample"/>
</testsuite> <!-- org.dataprovider.DataProviderSample -->
