<?xml version="1.0" encoding="UTF-8"?>
<!-- Generated by org.testng.reporters.JUnitReportReporter -->
<testsuite skipped="0" hostname="DESKTOP-38DLNBP" name="org.datadriver.DataDriverSample" tests="6" failures="0" timestamp="07 Dec 2021 12:56:37 GMT" time="56.168" errors="0">
  <testcase name="tc3" time="10.126" classname="org.datadriver.DataDriverSample"/>
  <testcase name="tc2" time="11.511" classname="org.datadriver.DataDriverSample"/>
  <testcase name="tc2" time="7.741" classname="org.datadriver.DataDriverSample"/>
  <testcase name="tc2" time="6.267" classname="org.datadriver.DataDriverSample"/>
  <testcase name="tc2" time="10.755" classname="org.datadriver.DataDriverSample"/>
  <testcase name="tc1" time="9.768" classname="org.datadriver.DataDriverSample"/>
</testsuite> <!-- org.datadriver.DataDriverSample -->
