<?xml version="1.0" encoding="UTF-8"?>
<!-- Generated by org.testng.reporters.JUnitReportReporter -->
<testsuite skipped="0" hostname="DESKTOP-38DLNBP" name="org.testng.TestNGOrder" tests="3" failures="0" timestamp="06 Dec 2021 06:32:12 GMT" time="3.010" errors="0">
  <testcase name="tc1" time="2.302" classname="org.testng.TestNGOrder"/>
  <testcase name="tc2" time="0.287" classname="org.testng.TestNGOrder"/>
  <testcase name="tc3" time="0.421" classname="org.testng.TestNGOrder"/>
</testsuite> <!-- org.testng.TestNGOrder -->
