<?xml version="1.0" encoding="UTF-8"?>
<!-- Generated by org.testng.reporters.JUnitReportReporter -->
<testsuite skipped="2" hostname="DESKTOP-38DLNBP" name="org.parameter.SampleProgram1" tests="3" failures="0" timestamp="09 Dec 2021 14:29:57 GMT" time="6.348" errors="0">
  <testcase name="tc4" time="6.348" classname="org.parameter.SampleProgram1"/>
  <testcase name="tc3" classname="org.parameter.SampleProgram1">
    <skipped/>
  </testcase> <!-- tc3 -->
  <testcase name="tc1" classname="org.parameter.SampleProgram1">
    <skipped/>
  </testcase> <!-- tc1 -->
</testsuite> <!-- org.parameter.SampleProgram1 -->
