<?xml version="1.0" encoding="UTF-8"?>
<!-- Generated by org.testng.reporters.JUnitReportReporter -->
<testsuite skipped="2" hostname="DESKTOP-38DLNBP" name="org.parameter.SampleProgram" tests="3" failures="0" timestamp="09 Dec 2021 14:29:57 GMT" time="8.172" errors="0">
  <testcase name="tc2" time="8.172" classname="org.parameter.SampleProgram"/>
  <testcase name="tc1" classname="org.parameter.SampleProgram">
    <skipped/>
  </testcase> <!-- tc1 -->
  <testcase name="tc3" classname="org.parameter.SampleProgram">
    <skipped/>
  </testcase> <!-- tc3 -->
</testsuite> <!-- org.parameter.SampleProgram -->
