<?xml version="1.0" encoding="UTF-8"?>
<!-- Generated by org.testng.reporters.JUnitReportReporter -->
<testsuite skipped="0" hostname="DESKTOP-38DLNBP" name="org.priority.Sample" tests="3" failures="0" timestamp="08 Dec 2021 05:07:16 GMT" time="20.340" errors="0">
  <testcase name="tc3" time="4.910" classname="org.priority.Sample"/>
  <testcase name="tc2" time="3.721" classname="org.priority.Sample"/>
  <testcase name="tc1" time="11.709" classname="org.priority.Sample"/>
</testsuite> <!-- org.priority.Sample -->
